[2021-01-02T02:18:55.930654+01:00] test.WARNING: Foo [] []
[2021-01-02T02:18:55.932312+01:00] test.ERROR: Bar [] []
[2021-01-02T02:18:55.938604+01:00] test.WARNING: Foo [] []
[2021-01-02T02:18:55.939181+01:00] test.ERROR: Bar [] []
[2021-01-02T02:18:55.944248+01:00] test.WARNING: Foo [] []
[2021-01-02T02:18:55.944528+01:00] test.ERROR: Bar [] []
[2021-01-02T02:18:55.949141+01:00] test.WARNING: Foo [] []
[2021-01-02T02:18:55.949424+01:00] test.ERROR: Bar [] []
[2021-01-02T02:18:55.956149+01:00] test.WARNING: Foo [] []
[2021-01-02T02:18:55.956519+01:00] test.ERROR: Bar [] []
[2021-01-02T02:18:55.986771+01:00] test.WARNING: Foo [] []
[2021-01-02T02:18:55.987228+01:00] test.ERROR: Bar [] []
[2021-01-02T02:18:55.992568+01:00] test.WARNING: Foo [] []
[2021-01-02T02:18:55.993050+01:00] test.ERROR: Bar [] []
[2021-01-02T02:21:09.448545+01:00] test.WARNING: Foo [] []
[2021-01-02T02:21:09.450514+01:00] test.ERROR: Bar [] []
[2021-01-02T02:21:09.456988+01:00] test.WARNING: Foo [] []
[2021-01-02T02:21:09.457356+01:00] test.ERROR: Bar [] []
[2021-01-02T02:21:09.462671+01:00] test.WARNING: Foo [] []
[2021-01-02T02:21:09.462952+01:00] test.ERROR: Bar [] []
[2021-01-02T02:21:09.467748+01:00] test.WARNING: Foo [] []
[2021-01-02T02:21:09.467995+01:00] test.ERROR: Bar [] []
[2021-01-02T02:21:09.473902+01:00] test.WARNING: Foo [] []
[2021-01-02T02:21:09.474264+01:00] test.ERROR: Bar [] []
[2021-01-02T02:21:09.510925+01:00] test.WARNING: Foo [] []
[2021-01-02T02:21:09.511293+01:00] test.ERROR: Bar [] []
[2021-01-02T02:21:09.516443+01:00] test.WARNING: Foo [] []
[2021-01-02T02:21:09.516693+01:00] test.ERROR: Bar [] []
[2021-01-02T02:21:13.268090+01:00] test.WARNING: Foo [] []
[2021-01-02T02:21:13.269662+01:00] test.ERROR: Bar [] []
[2021-01-02T02:21:18.388580+01:00] test.WARNING: Foo [] []
[2021-01-02T02:21:18.389916+01:00] test.ERROR: Bar [] []
[2021-01-02T02:21:18.395371+01:00] test.WARNING: Foo [] []
[2021-01-02T02:21:18.395679+01:00] test.ERROR: Bar [] []
[2021-01-02T02:21:18.401777+01:00] test.WARNING: Foo [] []
[2021-01-02T02:21:18.402139+01:00] test.ERROR: Bar [] []
[2021-01-02T02:21:18.407466+01:00] test.WARNING: Foo [] []
[2021-01-02T02:21:18.407722+01:00] test.ERROR: Bar [] []
[2021-01-02T02:21:18.413378+01:00] test.WARNING: Foo [] []
[2021-01-02T02:21:18.413762+01:00] test.ERROR: Bar [] []
[2021-01-02T02:21:18.449149+01:00] test.WARNING: Foo [] []
[2021-01-02T02:21:18.449508+01:00] test.ERROR: Bar [] []
[2021-01-02T02:21:18.454662+01:00] test.WARNING: Foo [] []
[2021-01-02T02:21:18.454942+01:00] test.ERROR: Bar [] []
[2021-01-02T02:22:24.561145+01:00] test.WARNING: Foo [] []
[2021-01-02T02:22:24.563409+01:00] test.ERROR: Bar [] []
[2021-01-02T02:22:24.594244+01:00] test.WARNING: Foo [] []
[2021-01-02T02:22:24.594565+01:00] test.ERROR: Bar [] []
[2021-01-02T02:22:25.995197+01:00] test.WARNING: Foo [] []
[2021-01-02T02:22:25.996560+01:00] test.ERROR: Bar [] []
[2021-01-02T02:22:26.003616+01:00] test.WARNING: Foo [] []
[2021-01-02T02:22:26.003982+01:00] test.ERROR: Bar [] []
[2021-01-02T02:22:26.009819+01:00] test.WARNING: Foo [] []
[2021-01-02T02:22:26.010077+01:00] test.ERROR: Bar [] []
[2021-01-02T02:22:26.016481+01:00] test.WARNING: Foo [] []
[2021-01-02T02:22:26.016837+01:00] test.ERROR: Bar [] []
[2021-01-02T02:22:26.022656+01:00] test.WARNING: Foo [] []
[2021-01-02T02:22:26.022945+01:00] test.ERROR: Bar [] []
[2021-01-02T02:22:26.044844+01:00] test.WARNING: Foo [] []
[2021-01-02T02:22:26.045180+01:00] test.ERROR: Bar [] []
[2021-01-02T02:22:26.051934+01:00] test.WARNING: Foo [] []
[2021-01-02T02:22:26.052279+01:00] test.ERROR: Bar [] []
[2021-01-02T02:22:28.215796+01:00] test.WARNING: Foo [] []
[2021-01-02T02:22:28.217519+01:00] test.ERROR: Bar [] []
[2021-01-02T02:22:52.435996+01:00] test.WARNING: Foo [] []
[2021-01-02T02:22:52.437303+01:00] test.ERROR: Bar [] []
[2021-01-02T02:22:52.443966+01:00] test.WARNING: Foo [] []
[2021-01-02T02:22:52.444326+01:00] test.ERROR: Bar [] []
[2021-01-02T02:22:52.449960+01:00] test.WARNING: Foo [] []
[2021-01-02T02:22:52.450204+01:00] test.ERROR: Bar [] []
[2021-01-02T02:22:52.455354+01:00] test.WARNING: Foo [] []
[2021-01-02T02:22:52.455687+01:00] test.ERROR: Bar [] []
[2021-01-02T02:22:52.462298+01:00] test.WARNING: Foo [] []
[2021-01-02T02:22:52.462714+01:00] test.ERROR: Bar [] []
[2021-01-02T02:22:52.470973+01:00] test.WARNING: Foo [] []
[2021-01-02T02:22:52.471277+01:00] test.ERROR: Bar [] []
[2021-01-02T02:22:52.477371+01:00] test.WARNING: Foo [] []
[2021-01-02T02:22:52.477736+01:00] test.ERROR: Bar [] []
[2021-01-02T02:24:15.964754+01:00] test.WARNING: Foo [] []
[2021-01-02T02:24:15.966752+01:00] test.ERROR: Bar [] []
[2021-01-02T02:24:21.019202+01:00] test.WARNING: Foo [] []
[2021-01-02T02:24:21.020800+01:00] test.ERROR: Bar [] []
[2021-01-02T02:24:21.026797+01:00] test.WARNING: Foo [] []
[2021-01-02T02:24:21.027051+01:00] test.ERROR: Bar [] []
[2021-01-02T02:24:21.033568+01:00] test.WARNING: Foo [] []
[2021-01-02T02:24:21.033938+01:00] test.ERROR: Bar [] []
[2021-01-02T02:24:21.040193+01:00] test.WARNING: Foo [] []
[2021-01-02T02:24:21.040440+01:00] test.ERROR: Bar [] []
[2021-01-02T02:24:21.045590+01:00] test.WARNING: Foo [] []
[2021-01-02T02:24:21.045880+01:00] test.ERROR: Bar [] []
[2021-01-02T02:24:21.074764+01:00] test.WARNING: Foo [] []
[2021-01-02T02:24:21.075075+01:00] test.ERROR: Bar [] []
[2021-01-02T02:24:21.080742+01:00] test.WARNING: Foo [] []
[2021-01-02T02:24:21.081166+01:00] test.ERROR: Bar [] []
[2021-01-02T02:25:39.153201+01:00] test.WARNING: Foo [] []
[2021-01-02T02:25:39.155163+01:00] test.ERROR: Bar [] []
[2021-01-02T02:25:39.223957+01:00] huch.WARNING: bla [] []
[2021-01-02T02:25:39.224643+01:00] huch.ERROR: gur [] []
[2021-01-02T02:25:43.527797+01:00] huch.WARNING: bla [] []
[2021-01-02T02:25:43.528116+01:00] huch.ERROR: gur [] []
[2021-01-02T02:25:43.528162+01:00] huch.WARNING: wow [] []
[2021-01-02T02:25:43.528197+01:00] huch.WARNING: wow [] []
[2021-01-02T02:25:43.528230+01:00] huch.WARNING: wow [] []
[2021-01-02T02:25:43.591363+01:00] huch.WARNING: wow [] []
[2021-01-02T02:25:43.614178+01:00] test.WARNING: Foo [] []
[2021-01-02T02:25:43.615769+01:00] test.ERROR: Bar [] []
[2021-01-02T02:25:43.621907+01:00] test.WARNING: Foo [] []
[2021-01-02T02:25:43.622157+01:00] test.ERROR: Bar [] []
[2021-01-02T02:25:43.627326+01:00] test.WARNING: Foo [] []
[2021-01-02T02:25:43.627606+01:00] test.ERROR: Bar [] []
[2021-01-02T02:25:43.634249+01:00] test.WARNING: Foo [] []
[2021-01-02T02:25:43.634597+01:00] test.ERROR: Bar [] []
[2021-01-02T02:25:43.640504+01:00] test.WARNING: Foo [] []
[2021-01-02T02:25:43.640817+01:00] test.ERROR: Bar [] []
[2021-01-02T02:25:43.670794+01:00] test.WARNING: Foo [] []
[2021-01-02T02:25:43.671111+01:00] test.ERROR: Bar [] []
[2021-01-02T02:25:43.675934+01:00] test.WARNING: Foo [] []
[2021-01-02T02:25:43.676177+01:00] test.ERROR: Bar [] []
[2021-01-02T02:29:41.214658+01:00] test.ERROR: sodhfowsiudhfbgiwsubfd now in editview [] []
